app/build/intermediates/manifest_merge_blame_file/developDebug/manifest-merger-blame-develop-debug-report.txt
1<?xml version="1.0" encoding="utf-8"?>
2<manifest xmlns:android="http://schemas.android.com/apk/res/android"
3    package="com.jetpack.demo.dev.debug"
4    android:versionCode="1"
5    android:versionName="1.0dev" >
6
7    <uses-sdk
8        android:minSdkVersion="25"
8-->src/main/AndroidManifest.xml
9        android:targetSdkVersion="30" />
9-->src/main/AndroidManifest.xml
10
11    <uses-permission android:name="android.permission.INTERNET" />
11-->src/main/AndroidManifest.xml:5:5-67
11-->src/main/AndroidManifest.xml:5:22-64
12    <uses-permission android:name="android.permission.READ_EXTERNAL_STORAGE" />
12-->src/main/AndroidManifest.xml:6:5-79
12-->src/main/AndroidManifest.xml:6:22-77
13    <uses-permission android:name="android.permission.WRITE_EXTERNAL_STORAGE" />
13-->src/main/AndroidManifest.xml:7:5-80
13-->src/main/AndroidManifest.xml:7:22-78
14    <uses-permission android:name="android.permission.WAKE_LOCK" />
14-->[androidx.work:work-runtime:2.5.0] AndroidManifest.xml:25:5-68
14-->[androidx.work:work-runtime:2.5.0] AndroidManifest.xml:25:22-65
15    <uses-permission android:name="android.permission.ACCESS_NETWORK_STATE" />
15-->[androidx.work:work-runtime:2.5.0] AndroidManifest.xml:26:5-79
15-->[androidx.work:work-runtime:2.5.0] AndroidManifest.xml:26:22-76
16    <uses-permission android:name="android.permission.RECEIVE_BOOT_COMPLETED" />
16-->[androidx.work:work-runtime:2.5.0] AndroidManifest.xml:27:5-81
16-->[androidx.work:work-runtime:2.5.0] AndroidManifest.xml:27:22-78
17    <uses-permission android:name="android.permission.FOREGROUND_SERVICE" />
17-->[androidx.work:work-runtime:2.5.0] AndroidManifest.xml:28:5-77
17-->[androidx.work:work-runtime:2.5.0] AndroidManifest.xml:28:22-74
18
19    <application
19-->src/main/AndroidManifest.xml:8:5-30:19
20        android:name="main.MainApplication"
20-->src/main/AndroidManifest.xml:9:9-44
21        android:allowBackup="true"
21-->src/main/AndroidManifest.xml:10:9-35
22        android:appComponentFactory="androidx.core.app.CoreComponentFactory"
22-->[androidx.core:core:1.5.0] AndroidManifest.xml:24:18-86
23        android:debuggable="true"
24        android:extractNativeLibs="false"
25        android:icon="@mipmap/ic_launcher"
25-->src/main/AndroidManifest.xml:11:9-43
26        android:label="@string/app_name"
26-->src/main/AndroidManifest.xml:12:9-41
27        android:roundIcon="@mipmap/ic_launcher_round"
27-->src/main/AndroidManifest.xml:13:9-54
28        android:supportsRtl="true"
28-->src/main/AndroidManifest.xml:14:9-35
29        android:testOnly="true"
30        android:theme="@style/Theme.JetPackApplication"
30-->src/main/AndroidManifest.xml:15:9-56
31        android:usesCleartextTraffic="true" >
31-->src/main/AndroidManifest.xml:16:9-44
32        <!-- todo  remove usesCleartextTraffic for real -->
33        <activity
33-->src/main/AndroidManifest.xml:23:9-29:20
34            android:name="ui.main.MainActivity"
34-->src/main/AndroidManifest.xml:23:19-54
35            android:launchMode="singleTop" >
35-->src/main/AndroidManifest.xml:23:55-85
36            <intent-filter>
36-->src/main/AndroidManifest.xml:24:13-28:29
37                <action android:name="android.intent.action.MAIN" />
37-->src/main/AndroidManifest.xml:25:17-69
37-->src/main/AndroidManifest.xml:25:25-66
38
39                <category android:name="android.intent.category.LAUNCHER" />
39-->src/main/AndroidManifest.xml:27:17-77
39-->src/main/AndroidManifest.xml:27:27-74
40            </intent-filter>
41        </activity>
42
43        <service
43-->[androidx.work:work-runtime:2.5.0] AndroidManifest.xml:39:9-44:35
44            android:name="androidx.work.impl.background.systemalarm.SystemAlarmService"
44-->[androidx.work:work-runtime:2.5.0] AndroidManifest.xml:40:13-88
45            android:directBootAware="false"
45-->[androidx.work:work-runtime:2.5.0] AndroidManifest.xml:41:13-44
46            android:enabled="@bool/enable_system_alarm_service_default"
46-->[androidx.work:work-runtime:2.5.0] AndroidManifest.xml:42:13-72
47            android:exported="false" />
47-->[androidx.work:work-runtime:2.5.0] AndroidManifest.xml:43:13-37
48        <service
48-->[androidx.work:work-runtime:2.5.0] AndroidManifest.xml:45:9-51:35
49            android:name="androidx.work.impl.background.systemjob.SystemJobService"
49-->[androidx.work:work-runtime:2.5.0] AndroidManifest.xml:46:13-84
50            android:directBootAware="false"
50-->[androidx.work:work-runtime:2.5.0] AndroidManifest.xml:47:13-44
51            android:enabled="@bool/enable_system_job_service_default"
51-->[androidx.work:work-runtime:2.5.0] AndroidManifest.xml:48:13-70
52            android:exported="true"
52-->[androidx.work:work-runtime:2.5.0] AndroidManifest.xml:49:13-36
53            android:permission="android.permission.BIND_JOB_SERVICE" />
53-->[androidx.work:work-runtime:2.5.0] AndroidManifest.xml:50:13-69
54        <service
54-->[androidx.work:work-runtime:2.5.0] AndroidManifest.xml:52:9-57:35
55            android:name="androidx.work.impl.foreground.SystemForegroundService"
55-->[androidx.work:work-runtime:2.5.0] AndroidManifest.xml:53:13-81
56            android:directBootAware="false"
56-->[androidx.work:work-runtime:2.5.0] AndroidManifest.xml:54:13-44
57            android:enabled="@bool/enable_system_foreground_service_default"
57-->[androidx.work:work-runtime:2.5.0] AndroidManifest.xml:55:13-77
58            android:exported="false" />
58-->[androidx.work:work-runtime:2.5.0] AndroidManifest.xml:56:13-37
59
60        <receiver
60-->[androidx.work:work-runtime:2.5.0] AndroidManifest.xml:59:9-64:35
61            android:name="androidx.work.impl.utils.ForceStopRunnable$BroadcastReceiver"
61-->[androidx.work:work-runtime:2.5.0] AndroidManifest.xml:60:13-88
62            android:directBootAware="false"
62-->[androidx.work:work-runtime:2.5.0] AndroidManifest.xml:61:13-44
63            android:enabled="true"
63-->[androidx.work:work-runtime:2.5.0] AndroidManifest.xml:62:13-35
64            android:exported="false" />
64-->[androidx.work:work-runtime:2.5.0] AndroidManifest.xml:63:13-37
65        <receiver
65-->[androidx.work:work-runtime:2.5.0] AndroidManifest.xml:65:9-75:20
66            android:name="androidx.work.impl.background.systemalarm.ConstraintProxy$BatteryChargingProxy"
66-->[androidx.work:work-runtime:2.5.0] AndroidManifest.xml:66:13-106
67            android:directBootAware="false"
67-->[androidx.work:work-runtime:2.5.0] AndroidManifest.xml:67:13-44
68            android:enabled="false"
68-->[androidx.work:work-runtime:2.5.0] AndroidManifest.xml:68:13-36
69            android:exported="false" >
69-->[androidx.work:work-runtime:2.5.0] AndroidManifest.xml:69:13-37
70            <intent-filter>
70-->[androidx.work:work-runtime:2.5.0] AndroidManifest.xml:71:13-74:29
71                <action android:name="android.intent.action.ACTION_POWER_CONNECTED" />
71-->[androidx.work:work-runtime:2.5.0] AndroidManifest.xml:72:17-87
71-->[androidx.work:work-runtime:2.5.0] AndroidManifest.xml:72:25-84
72                <action android:name="android.intent.action.ACTION_POWER_DISCONNECTED" />
72-->[androidx.work:work-runtime:2.5.0] AndroidManifest.xml:73:17-90
72-->[androidx.work:work-runtime:2.5.0] AndroidManifest.xml:73:25-87
73            </intent-filter>
74        </receiver>
75        <receiver
75-->[androidx.work:work-runtime:2.5.0] AndroidManifest.xml:76:9-86:20
76            android:name="androidx.work.impl.background.systemalarm.ConstraintProxy$BatteryNotLowProxy"
76-->[androidx.work:work-runtime:2.5.0] AndroidManifest.xml:77:13-104
77            android:directBootAware="false"
77-->[androidx.work:work-runtime:2.5.0] AndroidManifest.xml:78:13-44
78            android:enabled="false"
78-->[androidx.work:work-runtime:2.5.0] AndroidManifest.xml:79:13-36
79            android:exported="false" >
79-->[androidx.work:work-runtime:2.5.0] AndroidManifest.xml:80:13-37
80            <intent-filter>
80-->[androidx.work:work-runtime:2.5.0] AndroidManifest.xml:82:13-85:29
81                <action android:name="android.intent.action.BATTERY_OKAY" />
81-->[androidx.work:work-runtime:2.5.0] AndroidManifest.xml:83:17-77
81-->[androidx.work:work-runtime:2.5.0] AndroidManifest.xml:83:25-74
82                <action android:name="android.intent.action.BATTERY_LOW" />
82-->[androidx.work:work-runtime:2.5.0] AndroidManifest.xml:84:17-76
82-->[androidx.work:work-runtime:2.5.0] AndroidManifest.xml:84:25-73
83            </intent-filter>
84        </receiver>
85        <receiver
85-->[androidx.work:work-runtime:2.5.0] AndroidManifest.xml:87:9-97:20
86            android:name="androidx.work.impl.background.systemalarm.ConstraintProxy$StorageNotLowProxy"
86-->[androidx.work:work-runtime:2.5.0] AndroidManifest.xml:88:13-104
87            android:directBootAware="false"
87-->[androidx.work:work-runtime:2.5.0] AndroidManifest.xml:89:13-44
88            android:enabled="false"
88-->[androidx.work:work-runtime:2.5.0] AndroidManifest.xml:90:13-36
89            android:exported="false" >
89-->[androidx.work:work-runtime:2.5.0] AndroidManifest.xml:91:13-37
90            <intent-filter>
90-->[androidx.work:work-runtime:2.5.0] AndroidManifest.xml:93:13-96:29
91                <action android:name="android.intent.action.DEVICE_STORAGE_LOW" />
91-->[androidx.work:work-runtime:2.5.0] AndroidManifest.xml:94:17-83
91-->[androidx.work:work-runtime:2.5.0] AndroidManifest.xml:94:25-80
92                <action android:name="android.intent.action.DEVICE_STORAGE_OK" />
92-->[androidx.work:work-runtime:2.5.0] AndroidManifest.xml:95:17-82
92-->[androidx.work:work-runtime:2.5.0] AndroidManifest.xml:95:25-79
93            </intent-filter>
94        </receiver>
95        <receiver
95-->[androidx.work:work-runtime:2.5.0] AndroidManifest.xml:98:9-107:20
96            android:name="androidx.work.impl.background.systemalarm.ConstraintProxy$NetworkStateProxy"
96-->[androidx.work:work-runtime:2.5.0] AndroidManifest.xml:99:13-103
97            android:directBootAware="false"
97-->[androidx.work:work-runtime:2.5.0] AndroidManifest.xml:100:13-44
98            android:enabled="false"
98-->[androidx.work:work-runtime:2.5.0] AndroidManifest.xml:101:13-36
99            android:exported="false" >
99-->[androidx.work:work-runtime:2.5.0] AndroidManifest.xml:102:13-37
100            <intent-filter>
100-->[androidx.work:work-runtime:2.5.0] AndroidManifest.xml:104:13-106:29
101                <action android:name="android.net.conn.CONNECTIVITY_CHANGE" />
101-->[androidx.work:work-runtime:2.5.0] AndroidManifest.xml:105:17-79
101-->[androidx.work:work-runtime:2.5.0] AndroidManifest.xml:105:25-76
102            </intent-filter>
103        </receiver>
104        <receiver
104-->[androidx.work:work-runtime:2.5.0] AndroidManifest.xml:108:9-119:20
105            android:name="androidx.work.impl.background.systemalarm.RescheduleReceiver"
105-->[androidx.work:work-runtime:2.5.0] AndroidManifest.xml:109:13-88
106            android:directBootAware="false"
106-->[androidx.work:work-runtime:2.5.0] AndroidManifest.xml:110:13-44
107            android:enabled="false"
107-->[androidx.work:work-runtime:2.5.0] AndroidManifest.xml:111:13-36
108            android:exported="false" >
108-->[androidx.work:work-runtime:2.5.0] AndroidManifest.xml:112:13-37
109            <intent-filter>
109-->[androidx.work:work-runtime:2.5.0] AndroidManifest.xml:114:13-118:29
110                <action android:name="android.intent.action.BOOT_COMPLETED" />
110-->[androidx.work:work-runtime:2.5.0] AndroidManifest.xml:115:17-79
110-->[androidx.work:work-runtime:2.5.0] AndroidManifest.xml:115:25-76
111                <action android:name="android.intent.action.TIME_SET" />
111-->[androidx.work:work-runtime:2.5.0] AndroidManifest.xml:116:17-73
111-->[androidx.work:work-runtime:2.5.0] AndroidManifest.xml:116:25-70
112                <action android:name="android.intent.action.TIMEZONE_CHANGED" />
112-->[androidx.work:work-runtime:2.5.0] AndroidManifest.xml:117:17-81
112-->[androidx.work:work-runtime:2.5.0] AndroidManifest.xml:117:25-78
113            </intent-filter>
114        </receiver>
115        <receiver
115-->[androidx.work:work-runtime:2.5.0] AndroidManifest.xml:120:9-129:20
116            android:name="androidx.work.impl.background.systemalarm.ConstraintProxyUpdateReceiver"
116-->[androidx.work:work-runtime:2.5.0] AndroidManifest.xml:121:13-99
117            android:directBootAware="false"
117-->[androidx.work:work-runtime:2.5.0] AndroidManifest.xml:122:13-44
118            android:enabled="@bool/enable_system_alarm_service_default"
118-->[androidx.work:work-runtime:2.5.0] AndroidManifest.xml:123:13-72
119            android:exported="false" >
119-->[androidx.work:work-runtime:2.5.0] AndroidManifest.xml:124:13-37
120            <intent-filter>
120-->[androidx.work:work-runtime:2.5.0] AndroidManifest.xml:126:13-128:29
121                <action android:name="androidx.work.impl.background.systemalarm.UpdateProxies" />
121-->[androidx.work:work-runtime:2.5.0] AndroidManifest.xml:127:17-98
121-->[androidx.work:work-runtime:2.5.0] AndroidManifest.xml:127:25-95
122            </intent-filter>
123        </receiver>
124        <receiver
124-->[androidx.work:work-runtime:2.5.0] AndroidManifest.xml:130:9-140:20
125            android:name="androidx.work.impl.diagnostics.DiagnosticsReceiver"
125-->[androidx.work:work-runtime:2.5.0] AndroidManifest.xml:131:13-78
126            android:directBootAware="false"
126-->[androidx.work:work-runtime:2.5.0] AndroidManifest.xml:132:13-44
127            android:enabled="true"
127-->[androidx.work:work-runtime:2.5.0] AndroidManifest.xml:133:13-35
128            android:exported="true"
128-->[androidx.work:work-runtime:2.5.0] AndroidManifest.xml:134:13-36
129            android:permission="android.permission.DUMP" >
129-->[androidx.work:work-runtime:2.5.0] AndroidManifest.xml:135:13-57
130            <intent-filter>
130-->[androidx.work:work-runtime:2.5.0] AndroidManifest.xml:137:13-139:29
131                <action android:name="androidx.work.diagnostics.REQUEST_DIAGNOSTICS" />
131-->[androidx.work:work-runtime:2.5.0] AndroidManifest.xml:138:17-88
131-->[androidx.work:work-runtime:2.5.0] AndroidManifest.xml:138:25-85
132            </intent-filter>
133        </receiver>
134
135        <provider
135-->[androidx.lifecycle:lifecycle-process:2.0.0] AndroidManifest.xml:23:9-27:43
136            android:name="androidx.lifecycle.ProcessLifecycleOwnerInitializer"
136-->[androidx.lifecycle:lifecycle-process:2.0.0] AndroidManifest.xml:24:13-79
137            android:authorities="com.jetpack.demo.dev.debug.lifecycle-process"
137-->[androidx.lifecycle:lifecycle-process:2.0.0] AndroidManifest.xml:25:13-69
138            android:exported="false"
138-->[androidx.lifecycle:lifecycle-process:2.0.0] AndroidManifest.xml:26:13-37
139            android:multiprocess="true" />
139-->[androidx.lifecycle:lifecycle-process:2.0.0] AndroidManifest.xml:27:13-40
140
141        <service
141-->[androidx.room:room-runtime:2.2.5] AndroidManifest.xml:25:9-28:40
142            android:name="androidx.room.MultiInstanceInvalidationService"
142-->[androidx.room:room-runtime:2.2.5] AndroidManifest.xml:26:13-74
143            android:directBootAware="true"
143-->[androidx.room:room-runtime:2.2.5] AndroidManifest.xml:27:13-43
144            android:exported="false" />
144-->[androidx.room:room-runtime:2.2.5] AndroidManifest.xml:28:13-37
145    </application>
146
147</manifest>